  sweet.cpp
C:\Users\Me\source\repos\G\Factories\sweet.cpp(18,17): warning C4566: character represented by universal-character-name '\u041A' cannot be represented in the current code page (1252)
C:\Users\Me\source\repos\G\Factories\sweet.cpp(18,17): warning C4566: character represented by universal-character-name '\u043E' cannot be represented in the current code page (1252)
C:\Users\Me\source\repos\G\Factories\sweet.cpp(18,17): warning C4566: character represented by universal-character-name '\u043D' cannot be represented in the current code page (1252)
C:\Users\Me\source\repos\G\Factories\sweet.cpp(18,17): warning C4566: character represented by universal-character-name '\u0444' cannot be represented in the current code page (1252)
C:\Users\Me\source\repos\G\Factories\sweet.cpp(18,17): warning C4566: character represented by universal-character-name '\u0435' cannot be represented in the current code page (1252)
C:\Users\Me\source\repos\G\Factories\sweet.cpp(18,17): warning C4566: character represented by universal-character-name '\u0442' cannot be represented in the current code page (1252)
C:\Users\Me\source\repos\G\Factories\sweet.cpp(18,17): warning C4566: character represented by universal-character-name '\u0430' cannot be represented in the current code page (1252)
C:\Users\Me\source\repos\G\Factories\sweet.cpp(18,17): warning C4566: character represented by universal-character-name '\u0410' cannot be represented in the current code page (1252)
C:\Users\Me\source\repos\G\Factories\sweet.cpp(18,17): warning C4566: character represented by universal-character-name '\u043B' cannot be represented in the current code page (1252)
C:\Users\Me\source\repos\G\Factories\sweet.cpp(18,17): warning C4566: character represented by universal-character-name '\u043A' cannot be represented in the current code page (1252)
C:\Users\Me\source\repos\G\Factories\sweet.cpp(26,17): warning C4566: character represented by universal-character-name '\u041A' cannot be represented in the current code page (1252)
C:\Users\Me\source\repos\G\Factories\sweet.cpp(26,17): warning C4566: character represented by universal-character-name '\u043E' cannot be represented in the current code page (1252)
C:\Users\Me\source\repos\G\Factories\sweet.cpp(26,17): warning C4566: character represented by universal-character-name '\u043D' cannot be represented in the current code page (1252)
C:\Users\Me\source\repos\G\Factories\sweet.cpp(26,17): warning C4566: character represented by universal-character-name '\u0444' cannot be represented in the current code page (1252)
C:\Users\Me\source\repos\G\Factories\sweet.cpp(26,17): warning C4566: character represented by universal-character-name '\u0435' cannot be represented in the current code page (1252)
C:\Users\Me\source\repos\G\Factories\sweet.cpp(26,17): warning C4566: character represented by universal-character-name '\u0442' cannot be represented in the current code page (1252)
C:\Users\Me\source\repos\G\Factories\sweet.cpp(26,17): warning C4566: character represented by universal-character-name '\u0430' cannot be represented in the current code page (1252)
C:\Users\Me\source\repos\G\Factories\sweet.cpp(26,17): warning C4566: character represented by universal-character-name '\u0411' cannot be represented in the current code page (1252)
C:\Users\Me\source\repos\G\Factories\sweet.cpp(26,17): warning C4566: character represented by universal-character-name '\u0447' cannot be represented in the current code page (1252)
C:\Users\Me\source\repos\G\Factories\sweet.cpp(26,17): warning C4566: character represented by universal-character-name '\u0438' cannot be represented in the current code page (1252)
C:\Users\Me\source\repos\G\Factories\sweet.cpp(26,17): warning C4566: character represented by universal-character-name '\u043A' cannot be represented in the current code page (1252)
C:\Users\Me\source\repos\G\Factories\sweet.cpp(34,17): warning C4566: character represented by universal-character-name '\u041A' cannot be represented in the current code page (1252)
C:\Users\Me\source\repos\G\Factories\sweet.cpp(34,17): warning C4566: character represented by universal-character-name '\u043E' cannot be represented in the current code page (1252)
C:\Users\Me\source\repos\G\Factories\sweet.cpp(34,17): warning C4566: character represented by universal-character-name '\u043D' cannot be represented in the current code page (1252)
C:\Users\Me\source\repos\G\Factories\sweet.cpp(34,17): warning C4566: character represented by universal-character-name '\u0444' cannot be represented in the current code page (1252)
C:\Users\Me\source\repos\G\Factories\sweet.cpp(34,17): warning C4566: character represented by universal-character-name '\u0435' cannot be represented in the current code page (1252)
C:\Users\Me\source\repos\G\Factories\sweet.cpp(34,17): warning C4566: character represented by universal-character-name '\u0442' cannot be represented in the current code page (1252)
C:\Users\Me\source\repos\G\Factories\sweet.cpp(34,17): warning C4566: character represented by universal-character-name '\u0430' cannot be represented in the current code page (1252)
C:\Users\Me\source\repos\G\Factories\sweet.cpp(34,17): warning C4566: character represented by universal-character-name '\u041C' cannot be represented in the current code page (1252)
C:\Users\Me\source\repos\G\Factories\sweet.cpp(34,17): warning C4566: character represented by universal-character-name '\u0438' cannot be represented in the current code page (1252)
C:\Users\Me\source\repos\G\Factories\sweet.cpp(34,17): warning C4566: character represented by universal-character-name '\u0448' cannot be represented in the current code page (1252)
C:\Users\Me\source\repos\G\Factories\sweet.cpp(34,17): warning C4566: character represented by universal-character-name '\u043A' cannot be represented in the current code page (1252)
C:\Users\Me\source\repos\G\Factories\sweet.cpp(34,17): warning C4566: character represented by universal-character-name '\u0421' cannot be represented in the current code page (1252)
C:\Users\Me\source\repos\G\Factories\sweet.cpp(34,17): warning C4566: character represented by universal-character-name '\u0432' cannot be represented in the current code page (1252)
C:\Users\Me\source\repos\G\Factories\sweet.cpp(34,17): warning C4566: character represented by universal-character-name '\u0440' cannot be represented in the current code page (1252)
  Factories.vcxproj -> C:\Users\Me\source\repos\G\x64\Debug\Factories.exe
